<?xml version="1.0" encoding="UTF-8"?>
<testsuite xmlns:xsi="http://www.w3.org/2001/XMLSchema-instance" xsi:noNamespaceSchemaLocation="https://maven.apache.org/surefire/maven-surefire-plugin/xsd/surefire-test-report-3.0.xsd" version="3.0" name="org.example.TemperatureConverterTest" time="0.025" tests="3" errors="0" skipped="0" failures="0">
  <properties>
[...]
</properties>
  <testcase name="isExtremeTemperature" classname="org.example.TemperatureConverterTest" time="0.009"/>
  <testcase name="fahrenheitToCelsius" classname="org.example.TemperatureConverterTest" time="0.003"/>
  <testcase name="celsiusToFahrenheit" classname="org.example.TemperatureConverterTest" time="0.003"/>
</testsuite>